/home/dfolse/repos/SPIDER/SPIDER_ws/install/data_transfer/lib/python3.8/site-packages/data_transfer/publish_transfer.py
/home/dfolse/repos/SPIDER/SPIDER_ws/install/data_transfer/lib/python3.8/site-packages/data_transfer/subscribe_transfer.py
/home/dfolse/repos/SPIDER/SPIDER_ws/install/data_transfer/lib/python3.8/site-packages/data_transfer/SpectrometerStack.py
/home/dfolse/repos/SPIDER/SPIDER_ws/install/data_transfer/lib/python3.8/site-packages/data_transfer/__init__.py
/home/dfolse/repos/SPIDER/SPIDER_ws/install/data_transfer/lib/python3.8/site-packages/data_transfer/__pycache__/publish_transfer.cpython-38.pyc
/home/dfolse/repos/SPIDER/SPIDER_ws/install/data_transfer/lib/python3.8/site-packages/data_transfer/__pycache__/subscribe_transfer.cpython-38.pyc
/home/dfolse/repos/SPIDER/SPIDER_ws/install/data_transfer/lib/python3.8/site-packages/data_transfer/__pycache__/SpectrometerStack.cpython-38.pyc
/home/dfolse/repos/SPIDER/SPIDER_ws/install/data_transfer/lib/python3.8/site-packages/data_transfer/__pycache__/__init__.cpython-38.pyc
/home/dfolse/repos/SPIDER/SPIDER_ws/install/data_transfer/share/ament_index/resource_index/packages/data_transfer
/home/dfolse/repos/SPIDER/SPIDER_ws/install/data_transfer/share/data_transfer/package.xml
/home/dfolse/repos/SPIDER/SPIDER_ws/install/data_transfer/share/data_transfer/launch/data_transfer_sim.launch.py
/home/dfolse/repos/SPIDER/SPIDER_ws/install/data_transfer/lib/python3.8/site-packages/data_transfer-0.0.0-py3.8.egg-info/top_level.txt
/home/dfolse/repos/SPIDER/SPIDER_ws/install/data_transfer/lib/python3.8/site-packages/data_transfer-0.0.0-py3.8.egg-info/entry_points.txt
/home/dfolse/repos/SPIDER/SPIDER_ws/install/data_transfer/lib/python3.8/site-packages/data_transfer-0.0.0-py3.8.egg-info/SOURCES.txt
/home/dfolse/repos/SPIDER/SPIDER_ws/install/data_transfer/lib/python3.8/site-packages/data_transfer-0.0.0-py3.8.egg-info/dependency_links.txt
/home/dfolse/repos/SPIDER/SPIDER_ws/install/data_transfer/lib/python3.8/site-packages/data_transfer-0.0.0-py3.8.egg-info/zip-safe
/home/dfolse/repos/SPIDER/SPIDER_ws/install/data_transfer/lib/python3.8/site-packages/data_transfer-0.0.0-py3.8.egg-info/requires.txt
/home/dfolse/repos/SPIDER/SPIDER_ws/install/data_transfer/lib/python3.8/site-packages/data_transfer-0.0.0-py3.8.egg-info/PKG-INFO
/home/dfolse/repos/SPIDER/SPIDER_ws/install/data_transfer/lib/data_transfer/listener
/home/dfolse/repos/SPIDER/SPIDER_ws/install/data_transfer/lib/data_transfer/talker
