/home/dfolse/repos/SPIDER/SPIDER_ws/install/spider_nav/lib/python3.8/site-packages/spider_nav/spider_gps_pub.py
/home/dfolse/repos/SPIDER/SPIDER_ws/install/spider_nav/lib/python3.8/site-packages/spider_nav/spider_nav_main.py
/home/dfolse/repos/SPIDER/SPIDER_ws/install/spider_nav/lib/python3.8/site-packages/spider_nav/__init__.py
/home/dfolse/repos/SPIDER/SPIDER_ws/install/spider_nav/lib/python3.8/site-packages/spider_nav/utils/MockGps.py
/home/dfolse/repos/SPIDER/SPIDER_ws/install/spider_nav/lib/python3.8/site-packages/spider_nav/utils/adafruit_gps_ros.py
/home/dfolse/repos/SPIDER/SPIDER_ws/install/spider_nav/lib/python3.8/site-packages/spider_nav/utils/gps_utils.py
/home/dfolse/repos/SPIDER/SPIDER_ws/install/spider_nav/lib/python3.8/site-packages/spider_nav/utils/__init__.py
/home/dfolse/repos/SPIDER/SPIDER_ws/install/spider_nav/lib/python3.8/site-packages/spider_nav/__pycache__/spider_gps_pub.cpython-38.pyc
/home/dfolse/repos/SPIDER/SPIDER_ws/install/spider_nav/lib/python3.8/site-packages/spider_nav/__pycache__/spider_nav_main.cpython-38.pyc
/home/dfolse/repos/SPIDER/SPIDER_ws/install/spider_nav/lib/python3.8/site-packages/spider_nav/__pycache__/__init__.cpython-38.pyc
/home/dfolse/repos/SPIDER/SPIDER_ws/install/spider_nav/lib/python3.8/site-packages/spider_nav/utils/__pycache__/MockGps.cpython-38.pyc
/home/dfolse/repos/SPIDER/SPIDER_ws/install/spider_nav/lib/python3.8/site-packages/spider_nav/utils/__pycache__/adafruit_gps_ros.cpython-38.pyc
/home/dfolse/repos/SPIDER/SPIDER_ws/install/spider_nav/lib/python3.8/site-packages/spider_nav/utils/__pycache__/gps_utils.cpython-38.pyc
/home/dfolse/repos/SPIDER/SPIDER_ws/install/spider_nav/lib/python3.8/site-packages/spider_nav/utils/__pycache__/__init__.cpython-38.pyc
/home/dfolse/repos/SPIDER/SPIDER_ws/install/spider_nav/share/ament_index/resource_index/packages/spider_nav
/home/dfolse/repos/SPIDER/SPIDER_ws/install/spider_nav/share/spider_nav/package.xml
/home/dfolse/repos/SPIDER/SPIDER_ws/install/spider_nav/share/spider_nav/launch/spider_nav_sim.launch.py
/home/dfolse/repos/SPIDER/SPIDER_ws/install/spider_nav/share/spider_nav/config
/home/dfolse/repos/SPIDER/SPIDER_ws/install/spider_nav/lib/python3.8/site-packages/spider_nav-0.0.0-py3.8.egg-info/top_level.txt
/home/dfolse/repos/SPIDER/SPIDER_ws/install/spider_nav/lib/python3.8/site-packages/spider_nav-0.0.0-py3.8.egg-info/entry_points.txt
/home/dfolse/repos/SPIDER/SPIDER_ws/install/spider_nav/lib/python3.8/site-packages/spider_nav-0.0.0-py3.8.egg-info/SOURCES.txt
/home/dfolse/repos/SPIDER/SPIDER_ws/install/spider_nav/lib/python3.8/site-packages/spider_nav-0.0.0-py3.8.egg-info/dependency_links.txt
/home/dfolse/repos/SPIDER/SPIDER_ws/install/spider_nav/lib/python3.8/site-packages/spider_nav-0.0.0-py3.8.egg-info/zip-safe
/home/dfolse/repos/SPIDER/SPIDER_ws/install/spider_nav/lib/python3.8/site-packages/spider_nav-0.0.0-py3.8.egg-info/requires.txt
/home/dfolse/repos/SPIDER/SPIDER_ws/install/spider_nav/lib/python3.8/site-packages/spider_nav-0.0.0-py3.8.egg-info/PKG-INFO
/home/dfolse/repos/SPIDER/SPIDER_ws/install/spider_nav/lib/spider_nav/gps_waypoint_logger
/home/dfolse/repos/SPIDER/SPIDER_ws/install/spider_nav/lib/spider_nav/interactive_waypoint_follower
/home/dfolse/repos/SPIDER/SPIDER_ws/install/spider_nav/lib/spider_nav/logged_waypoint_follower
/home/dfolse/repos/SPIDER/SPIDER_ws/install/spider_nav/lib/spider_nav/spider_gps_pub
/home/dfolse/repos/SPIDER/SPIDER_ws/install/spider_nav/lib/spider_nav/spider_nav_main
